*** Using Compiler 'V5.06 update 6 (build 750)', folder: 'D:\SoftWare\keil\ARM\ARMCC\Bin'
*** Note: Rebuilding project, since 'Options->Output->Create Batch File' is selected.
Rebuild target 'Template'
assembling startup_stm32f103xb.s...
compiling SystemIRQ.c...
compiling main.c...
compiling gpio.c...
compiling i2c.c...
compiling tim.c...
compiling stm32f1xx_it.c...
compiling stm32f1xx_hal_msp.c...
compiling PID.c...
compiling stm32f1xx_hal_gpio_ex.c...
compiling stm32f1xx_hal_i2c.c...
compiling stm32f1xx_hal.c...
compiling stm32f1xx_hal_rcc.c...
compiling stm32f1xx_hal_rcc_ex.c...
compiling stm32f1xx_hal_gpio.c...
compiling stm32f1xx_hal_dma.c...
compiling stm32f1xx_hal_cortex.c...
compiling stm32f1xx_hal_pwr.c...
compiling stm32f1xx_hal_flash.c...
compiling stm32f1xx_hal_flash_ex.c...
compiling stm32f1xx_hal_exti.c...
compiling stm32f1xx_hal_tim.c...
compiling stm32f1xx_hal_tim_ex.c...
compiling system_stm32f1xx.c...
compiling Modul_Motor.c...
compiling Driver_MPU6050.c...
compiling Driver_Motor.c...
linking...
Program Size: Code=15266 RO-data=470 RW-data=80 ZI-data=1864  
FromELF: creating hex file...
"Template\Template.axf" - 0 Error(s), 0 Warning(s).
Build Time Elapsed:  00:00:36
